0 info it worked if it ends with ok
1 verbose cli [ 'C:\\Program Files\\nodejs\\node.exe',
1 verbose cli   'C:\\Program Files\\nodejs\\node_modules\\npm\\bin\\npm-cli.js',
1 verbose cli   'install',
1 verbose cli   'multer',
1 verbose cli   '--save' ]
2 info using npm@3.10.10
3 info using node@v6.9.4
4 silly loadCurrentTree Starting
5 silly install loadCurrentTree
6 silly install readLocalPackageData
7 silly fetchPackageMetaData multer
8 silly fetchNamedPackageData multer
9 silly mapToRegistry name multer
10 silly mapToRegistry using default registry
11 silly mapToRegistry registry https://registry.npmjs.org/
12 silly mapToRegistry data Result {
12 silly mapToRegistry   raw: 'multer',
12 silly mapToRegistry   scope: null,
12 silly mapToRegistry   escapedName: 'multer',
12 silly mapToRegistry   name: 'multer',
12 silly mapToRegistry   rawSpec: '',
12 silly mapToRegistry   spec: 'latest',
12 silly mapToRegistry   type: 'tag' }
13 silly mapToRegistry uri https://registry.npmjs.org/multer
14 verbose request uri https://registry.npmjs.org/multer
15 verbose request no auth needed
16 info attempt registry request try #1 at 6:43:53 PM
17 verbose request id cc9837551f90bb7a
18 verbose etag W/"58b59c59-f1a5"
19 verbose lastModified Tue, 28 Feb 2017 15:50:49 GMT
20 http request GET https://registry.npmjs.org/multer
21 http 304 https://registry.npmjs.org/multer
22 verbose headers { date: 'Wed, 01 Mar 2017 23:43:42 GMT',
22 verbose headers   via: '1.1 varnish',
22 verbose headers   'cache-control': 'max-age=300',
22 verbose headers   etag: 'W/"58b59c59-f1a5"',
22 verbose headers   age: '200',
22 verbose headers   connection: 'keep-alive',
22 verbose headers   'x-served-by': 'cache-bos8226-BOS',
22 verbose headers   'x-cache': 'HIT',
22 verbose headers   'x-cache-hits': '1',
22 verbose headers   'x-timer': 'S1488411822.804810,VS0,VE0',
22 verbose headers   vary: 'Accept-Encoding' }
23 silly get cb [ 304,
23 silly get   { date: 'Wed, 01 Mar 2017 23:43:42 GMT',
23 silly get     via: '1.1 varnish',
23 silly get     'cache-control': 'max-age=300',
23 silly get     etag: 'W/"58b59c59-f1a5"',
23 silly get     age: '200',
23 silly get     connection: 'keep-alive',
23 silly get     'x-served-by': 'cache-bos8226-BOS',
23 silly get     'x-cache': 'HIT',
23 silly get     'x-cache-hits': '1',
23 silly get     'x-timer': 'S1488411822.804810,VS0,VE0',
23 silly get     vary: 'Accept-Encoding' } ]
24 verbose etag https://registry.npmjs.org/multer from cache
25 verbose get saving multer to C:\Users\sony\AppData\Roaming\npm-cache\registry.npmjs.org\multer\.cache.json
26 verbose correctMkdir C:\Users\sony\AppData\Roaming\npm-cache correctMkdir not in flight; initializing
27 silly install normalizeTree
28 silly loadCurrentTree Finishing
29 silly loadIdealTree Starting
30 silly install loadIdealTree
31 silly cloneCurrentTree Starting
32 silly install cloneCurrentTreeToIdealTree
33 silly cloneCurrentTree Finishing
34 silly loadShrinkwrap Starting
35 silly install loadShrinkwrap
36 silly loadShrinkwrap Finishing
37 silly loadAllDepsIntoIdealTree Starting
38 silly install loadAllDepsIntoIdealTree
39 silly resolveWithNewModule multer@1.3.0 checking installable status
40 silly cache add args [ 'multer', null ]
41 verbose cache add spec multer
42 silly cache add parsed spec Result {
42 silly cache add   raw: 'multer',
42 silly cache add   scope: null,
42 silly cache add   escapedName: 'multer',
42 silly cache add   name: 'multer',
42 silly cache add   rawSpec: '',
42 silly cache add   spec: 'latest',
42 silly cache add   type: 'tag' }
43 silly addNamed multer@latest
44 verbose addNamed "latest" is being treated as a dist-tag for multer
45 info addNameTag [ 'multer', 'latest' ]
46 silly mapToRegistry name multer
47 silly mapToRegistry using default registry
48 silly mapToRegistry registry https://registry.npmjs.org/
49 silly mapToRegistry data Result {
49 silly mapToRegistry   raw: 'multer',
49 silly mapToRegistry   scope: null,
49 silly mapToRegistry   escapedName: 'multer',
49 silly mapToRegistry   name: 'multer',
49 silly mapToRegistry   rawSpec: '',
49 silly mapToRegistry   spec: 'latest',
49 silly mapToRegistry   type: 'tag' }
50 silly mapToRegistry uri https://registry.npmjs.org/multer
51 verbose addNameTag registry:https://registry.npmjs.org/multer not in flight; fetching
52 verbose get https://registry.npmjs.org/multer not expired, no request
53 silly addNameTag next cb for multer with tag latest
54 silly addNamed multer@1.3.0
55 verbose addNamed "1.3.0" is a plain semver version for multer
56 silly cache afterAdd multer@1.3.0
57 verbose afterAdd C:\Users\sony\AppData\Roaming\npm-cache\multer\1.3.0\package\package.json not in flight; writing
58 verbose correctMkdir C:\Users\sony\AppData\Roaming\npm-cache correctMkdir not in flight; initializing
59 verbose afterAdd C:\Users\sony\AppData\Roaming\npm-cache\multer\1.3.0\package\package.json written
60 silly fetchNamedPackageData append-field
61 silly mapToRegistry name append-field
62 silly mapToRegistry using default registry
63 silly mapToRegistry registry https://registry.npmjs.org/
64 silly mapToRegistry data Result {
64 silly mapToRegistry   raw: 'append-field',
64 silly mapToRegistry   scope: null,
64 silly mapToRegistry   escapedName: 'append-field',
64 silly mapToRegistry   name: 'append-field',
64 silly mapToRegistry   rawSpec: '',
64 silly mapToRegistry   spec: 'latest',
64 silly mapToRegistry   type: 'tag' }
65 silly mapToRegistry uri https://registry.npmjs.org/append-field
66 silly fetchNamedPackageData busboy
67 silly mapToRegistry name busboy
68 silly mapToRegistry using default registry
69 silly mapToRegistry registry https://registry.npmjs.org/
70 silly mapToRegistry data Result {
70 silly mapToRegistry   raw: 'busboy',
70 silly mapToRegistry   scope: null,
70 silly mapToRegistry   escapedName: 'busboy',
70 silly mapToRegistry   name: 'busboy',
70 silly mapToRegistry   rawSpec: '',
70 silly mapToRegistry   spec: 'latest',
70 silly mapToRegistry   type: 'tag' }
71 silly mapToRegistry uri https://registry.npmjs.org/busboy
72 silly fetchNamedPackageData concat-stream
73 silly mapToRegistry name concat-stream
74 silly mapToRegistry using default registry
75 silly mapToRegistry registry https://registry.npmjs.org/
76 silly mapToRegistry data Result {
76 silly mapToRegistry   raw: 'concat-stream',
76 silly mapToRegistry   scope: null,
76 silly mapToRegistry   escapedName: 'concat-stream',
76 silly mapToRegistry   name: 'concat-stream',
76 silly mapToRegistry   rawSpec: '',
76 silly mapToRegistry   spec: 'latest',
76 silly mapToRegistry   type: 'tag' }
77 silly mapToRegistry uri https://registry.npmjs.org/concat-stream
78 silly fetchNamedPackageData mkdirp
79 silly mapToRegistry name mkdirp
80 silly mapToRegistry using default registry
81 silly mapToRegistry registry https://registry.npmjs.org/
82 silly mapToRegistry data Result {
82 silly mapToRegistry   raw: 'mkdirp',
82 silly mapToRegistry   scope: null,
82 silly mapToRegistry   escapedName: 'mkdirp',
82 silly mapToRegistry   name: 'mkdirp',
82 silly mapToRegistry   rawSpec: '',
82 silly mapToRegistry   spec: 'latest',
82 silly mapToRegistry   type: 'tag' }
83 silly mapToRegistry uri https://registry.npmjs.org/mkdirp
84 silly fetchNamedPackageData object-assign
85 silly mapToRegistry name object-assign
86 silly mapToRegistry using default registry
87 silly mapToRegistry registry https://registry.npmjs.org/
88 silly mapToRegistry data Result {
88 silly mapToRegistry   raw: 'object-assign',
88 silly mapToRegistry   scope: null,
88 silly mapToRegistry   escapedName: 'object-assign',
88 silly mapToRegistry   name: 'object-assign',
88 silly mapToRegistry   rawSpec: '',
88 silly mapToRegistry   spec: 'latest',
88 silly mapToRegistry   type: 'tag' }
89 silly mapToRegistry uri https://registry.npmjs.org/object-assign
90 silly fetchNamedPackageData xtend
91 silly mapToRegistry name xtend
92 silly mapToRegistry using default registry
93 silly mapToRegistry registry https://registry.npmjs.org/
94 silly mapToRegistry data Result {
94 silly mapToRegistry   raw: 'xtend',
94 silly mapToRegistry   scope: null,
94 silly mapToRegistry   escapedName: 'xtend',
94 silly mapToRegistry   name: 'xtend',
94 silly mapToRegistry   rawSpec: '',
94 silly mapToRegistry   spec: 'latest',
94 silly mapToRegistry   type: 'tag' }
95 silly mapToRegistry uri https://registry.npmjs.org/xtend
96 verbose request uri https://registry.npmjs.org/append-field
97 verbose request no auth needed
98 info attempt registry request try #1 at 6:43:54 PM
99 verbose etag W/"56c0939c-11d0"
100 verbose lastModified Sun, 14 Feb 2016 14:47:56 GMT
101 http request GET https://registry.npmjs.org/append-field
102 verbose request uri https://registry.npmjs.org/busboy
103 verbose request no auth needed
104 info attempt registry request try #1 at 6:43:54 PM
105 verbose etag W/"58b6953a-b47f"
106 verbose lastModified Wed, 01 Mar 2017 09:32:42 GMT
107 http request GET https://registry.npmjs.org/busboy
108 verbose request uri https://registry.npmjs.org/mkdirp
109 verbose request no auth needed
110 info attempt registry request try #1 at 6:43:54 PM
111 verbose etag W/"58b65282-6208"
112 verbose lastModified Wed, 01 Mar 2017 04:48:02 GMT
113 http request GET https://registry.npmjs.org/mkdirp
114 verbose request uri https://registry.npmjs.org/xtend
115 verbose request no auth needed
116 info attempt registry request try #1 at 6:43:54 PM
117 verbose etag W/"58633812-51d1"
118 verbose lastModified Wed, 28 Dec 2016 03:57:06 GMT
119 http request GET https://registry.npmjs.org/xtend
120 http 304 https://registry.npmjs.org/append-field
121 verbose headers { date: 'Wed, 01 Mar 2017 23:43:43 GMT',
121 verbose headers   via: '1.1 varnish',
121 verbose headers   'cache-control': 'max-age=300',
121 verbose headers   etag: 'W/"56c0939c-11d0"',
121 verbose headers   age: '200',
121 verbose headers   connection: 'keep-alive',
121 verbose headers   'x-served-by': 'cache-bos8226-BOS',
121 verbose headers   'x-cache': 'HIT',
121 verbose headers   'x-cache-hits': '1',
121 verbose headers   'x-timer': 'S1488411823.498999,VS0,VE0',
121 verbose headers   vary: 'Accept-Encoding' }
122 silly get cb [ 304,
122 silly get   { date: 'Wed, 01 Mar 2017 23:43:43 GMT',
122 silly get     via: '1.1 varnish',
122 silly get     'cache-control': 'max-age=300',
122 silly get     etag: 'W/"56c0939c-11d0"',
122 silly get     age: '200',
122 silly get     connection: 'keep-alive',
122 silly get     'x-served-by': 'cache-bos8226-BOS',
122 silly get     'x-cache': 'HIT',
122 silly get     'x-cache-hits': '1',
122 silly get     'x-timer': 'S1488411823.498999,VS0,VE0',
122 silly get     vary: 'Accept-Encoding' } ]
123 verbose etag https://registry.npmjs.org/append-field from cache
124 verbose get saving append-field to C:\Users\sony\AppData\Roaming\npm-cache\registry.npmjs.org\append-field\.cache.json
125 verbose correctMkdir C:\Users\sony\AppData\Roaming\npm-cache correctMkdir not in flight; initializing
126 verbose request uri https://registry.npmjs.org/concat-stream
127 verbose request no auth needed
128 info attempt registry request try #1 at 6:43:54 PM
129 verbose etag W/"58b34a89-a8e1"
130 verbose lastModified Sun, 26 Feb 2017 21:37:13 GMT
131 http request GET https://registry.npmjs.org/concat-stream
132 verbose request uri https://registry.npmjs.org/object-assign
133 verbose request no auth needed
134 info attempt registry request try #1 at 6:43:54 PM
135 verbose etag W/"58ab4c69-5cff"
136 verbose lastModified Mon, 20 Feb 2017 20:07:05 GMT
137 http request GET https://registry.npmjs.org/object-assign
138 http 304 https://registry.npmjs.org/concat-stream
139 verbose headers { date: 'Wed, 01 Mar 2017 23:43:43 GMT',
139 verbose headers   via: '1.1 varnish',
139 verbose headers   'cache-control': 'max-age=300',
139 verbose headers   etag: 'W/"58b34a89-a8e1"',
139 verbose headers   age: '200',
139 verbose headers   connection: 'keep-alive',
139 verbose headers   'x-served-by': 'cache-bos8226-BOS',
139 verbose headers   'x-cache': 'HIT',
139 verbose headers   'x-cache-hits': '1',
139 verbose headers   'x-timer': 'S1488411823.544787,VS0,VE0',
139 verbose headers   vary: 'Accept-Encoding' }
140 silly get cb [ 304,
140 silly get   { date: 'Wed, 01 Mar 2017 23:43:43 GMT',
140 silly get     via: '1.1 varnish',
140 silly get     'cache-control': 'max-age=300',
140 silly get     etag: 'W/"58b34a89-a8e1"',
140 silly get     age: '200',
140 silly get     connection: 'keep-alive',
140 silly get     'x-served-by': 'cache-bos8226-BOS',
140 silly get     'x-cache': 'HIT',
140 silly get     'x-cache-hits': '1',
140 silly get     'x-timer': 'S1488411823.544787,VS0,VE0',
140 silly get     vary: 'Accept-Encoding' } ]
141 verbose etag https://registry.npmjs.org/concat-stream from cache
142 verbose get saving concat-stream to C:\Users\sony\AppData\Roaming\npm-cache\registry.npmjs.org\concat-stream\.cache.json
143 verbose correctMkdir C:\Users\sony\AppData\Roaming\npm-cache correctMkdir not in flight; initializing
144 silly resolveWithNewModule append-field@0.1.0 checking installable status
145 silly cache add args [ 'append-field@^0.1.0', null ]
146 verbose cache add spec append-field@^0.1.0
147 silly cache add parsed spec Result {
147 silly cache add   raw: 'append-field@^0.1.0',
147 silly cache add   scope: null,
147 silly cache add   escapedName: 'append-field',
147 silly cache add   name: 'append-field',
147 silly cache add   rawSpec: '^0.1.0',
147 silly cache add   spec: '>=0.1.0 <0.2.0',
147 silly cache add   type: 'range' }
148 silly addNamed append-field@>=0.1.0 <0.2.0
149 verbose addNamed ">=0.1.0 <0.2.0" is a valid semver range for append-field
150 silly addNameRange { name: 'append-field', range: '>=0.1.0 <0.2.0', hasData: false }
151 silly mapToRegistry name append-field
152 silly mapToRegistry using default registry
153 silly mapToRegistry registry https://registry.npmjs.org/
154 silly mapToRegistry data Result {
154 silly mapToRegistry   raw: 'append-field',
154 silly mapToRegistry   scope: null,
154 silly mapToRegistry   escapedName: 'append-field',
154 silly mapToRegistry   name: 'append-field',
154 silly mapToRegistry   rawSpec: '',
154 silly mapToRegistry   spec: 'latest',
154 silly mapToRegistry   type: 'tag' }
155 silly mapToRegistry uri https://registry.npmjs.org/append-field
156 verbose addNameRange registry:https://registry.npmjs.org/append-field not in flight; fetching
157 http 304 https://registry.npmjs.org/busboy
158 verbose headers { date: 'Wed, 01 Mar 2017 23:43:43 GMT',
158 verbose headers   via: '1.1 varnish',
158 verbose headers   'cache-control': 'max-age=300',
158 verbose headers   etag: 'W/"58b6953a-b47f"',
158 verbose headers   age: '200',
158 verbose headers   connection: 'keep-alive',
158 verbose headers   'x-served-by': 'cache-bos8226-BOS',
158 verbose headers   'x-cache': 'HIT',
158 verbose headers   'x-cache-hits': '1',
158 verbose headers   'x-timer': 'S1488411823.587508,VS0,VE0',
158 verbose headers   vary: 'Accept-Encoding' }
159 silly get cb [ 304,
159 silly get   { date: 'Wed, 01 Mar 2017 23:43:43 GMT',
159 silly get     via: '1.1 varnish',
159 silly get     'cache-control': 'max-age=300',
159 silly get     etag: 'W/"58b6953a-b47f"',
159 silly get     age: '200',
159 silly get     connection: 'keep-alive',
159 silly get     'x-served-by': 'cache-bos8226-BOS',
159 silly get     'x-cache': 'HIT',
159 silly get     'x-cache-hits': '1',
159 silly get     'x-timer': 'S1488411823.587508,VS0,VE0',
159 silly get     vary: 'Accept-Encoding' } ]
160 verbose etag https://registry.npmjs.org/busboy from cache
161 verbose get saving busboy to C:\Users\sony\AppData\Roaming\npm-cache\registry.npmjs.org\busboy\.cache.json
162 verbose correctMkdir C:\Users\sony\AppData\Roaming\npm-cache correctMkdir not in flight; initializing
163 http 304 https://registry.npmjs.org/xtend
164 verbose headers { date: 'Wed, 01 Mar 2017 23:43:43 GMT',
164 verbose headers   via: '1.1 varnish',
164 verbose headers   'cache-control': 'max-age=300',
164 verbose headers   etag: 'W/"58633812-51d1"',
164 verbose headers   age: '222',
164 verbose headers   connection: 'keep-alive',
164 verbose headers   'x-served-by': 'cache-bos8234-BOS',
164 verbose headers   'x-cache': 'HIT',
164 verbose headers   'x-cache-hits': '3',
164 verbose headers   'x-timer': 'S1488411823.613195,VS0,VE0',
164 verbose headers   vary: 'Accept-Encoding' }
165 silly get cb [ 304,
165 silly get   { date: 'Wed, 01 Mar 2017 23:43:43 GMT',
165 silly get     via: '1.1 varnish',
165 silly get     'cache-control': 'max-age=300',
165 silly get     etag: 'W/"58633812-51d1"',
165 silly get     age: '222',
165 silly get     connection: 'keep-alive',
165 silly get     'x-served-by': 'cache-bos8234-BOS',
165 silly get     'x-cache': 'HIT',
165 silly get     'x-cache-hits': '3',
165 silly get     'x-timer': 'S1488411823.613195,VS0,VE0',
165 silly get     vary: 'Accept-Encoding' } ]
166 verbose etag https://registry.npmjs.org/xtend from cache
167 verbose get saving xtend to C:\Users\sony\AppData\Roaming\npm-cache\registry.npmjs.org\xtend\.cache.json
168 verbose correctMkdir C:\Users\sony\AppData\Roaming\npm-cache correctMkdir not in flight; initializing
169 verbose get https://registry.npmjs.org/append-field not expired, no request
170 silly addNameRange number 2 { name: 'append-field', range: '>=0.1.0 <0.2.0', hasData: true }
171 silly addNameRange versions [ 'append-field', [ '0.1.0', '1.0.0' ] ]
172 silly addNamed append-field@0.1.0
173 verbose addNamed "0.1.0" is a plain semver version for append-field
174 http 304 https://registry.npmjs.org/object-assign
175 verbose headers { date: 'Wed, 01 Mar 2017 23:43:43 GMT',
175 verbose headers   via: '1.1 varnish',
175 verbose headers   'cache-control': 'max-age=300',
175 verbose headers   etag: 'W/"58ab4c69-5cff"',
175 verbose headers   age: '132',
175 verbose headers   connection: 'keep-alive',
175 verbose headers   'x-served-by': 'cache-bos8223-BOS',
175 verbose headers   'x-cache': 'HIT',
175 verbose headers   'x-cache-hits': '3',
175 verbose headers   'x-timer': 'S1488411823.617119,VS0,VE0',
175 verbose headers   vary: 'Accept-Encoding' }
176 silly get cb [ 304,
176 silly get   { date: 'Wed, 01 Mar 2017 23:43:43 GMT',
176 silly get     via: '1.1 varnish',
176 silly get     'cache-control': 'max-age=300',
176 silly get     etag: 'W/"58ab4c69-5cff"',
176 silly get     age: '132',
176 silly get     connection: 'keep-alive',
176 silly get     'x-served-by': 'cache-bos8223-BOS',
176 silly get     'x-cache': 'HIT',
176 silly get     'x-cache-hits': '3',
176 silly get     'x-timer': 'S1488411823.617119,VS0,VE0',
176 silly get     vary: 'Accept-Encoding' } ]
177 verbose etag https://registry.npmjs.org/object-assign from cache
178 verbose get saving object-assign to C:\Users\sony\AppData\Roaming\npm-cache\registry.npmjs.org\object-assign\.cache.json
179 verbose correctMkdir C:\Users\sony\AppData\Roaming\npm-cache correctMkdir not in flight; initializing
180 silly resolveWithNewModule concat-stream@1.6.0 checking installable status
181 silly cache add args [ 'concat-stream@^1.5.0', null ]
182 verbose cache add spec concat-stream@^1.5.0
183 silly cache add parsed spec Result {
183 silly cache add   raw: 'concat-stream@^1.5.0',
183 silly cache add   scope: null,
183 silly cache add   escapedName: 'concat-stream',
183 silly cache add   name: 'concat-stream',
183 silly cache add   rawSpec: '^1.5.0',
183 silly cache add   spec: '>=1.5.0 <2.0.0',
183 silly cache add   type: 'range' }
184 silly addNamed concat-stream@>=1.5.0 <2.0.0
185 verbose addNamed ">=1.5.0 <2.0.0" is a valid semver range for concat-stream
186 silly addNameRange { name: 'concat-stream',
186 silly addNameRange   range: '>=1.5.0 <2.0.0',
186 silly addNameRange   hasData: false }
187 silly mapToRegistry name concat-stream
188 silly mapToRegistry using default registry
189 silly mapToRegistry registry https://registry.npmjs.org/
190 silly mapToRegistry data Result {
190 silly mapToRegistry   raw: 'concat-stream',
190 silly mapToRegistry   scope: null,
190 silly mapToRegistry   escapedName: 'concat-stream',
190 silly mapToRegistry   name: 'concat-stream',
190 silly mapToRegistry   rawSpec: '',
190 silly mapToRegistry   spec: 'latest',
190 silly mapToRegistry   type: 'tag' }
191 silly mapToRegistry uri https://registry.npmjs.org/concat-stream
192 verbose addNameRange registry:https://registry.npmjs.org/concat-stream not in flight; fetching
193 silly resolveWithNewModule busboy@0.2.14 checking installable status
194 silly cache add args [ 'busboy@^0.2.11', null ]
195 verbose cache add spec busboy@^0.2.11
196 silly cache add parsed spec Result {
196 silly cache add   raw: 'busboy@^0.2.11',
196 silly cache add   scope: null,
196 silly cache add   escapedName: 'busboy',
196 silly cache add   name: 'busboy',
196 silly cache add   rawSpec: '^0.2.11',
196 silly cache add   spec: '>=0.2.11 <0.3.0',
196 silly cache add   type: 'range' }
197 silly addNamed busboy@>=0.2.11 <0.3.0
198 verbose addNamed ">=0.2.11 <0.3.0" is a valid semver range for busboy
199 silly addNameRange { name: 'busboy', range: '>=0.2.11 <0.3.0', hasData: false }
200 silly mapToRegistry name busboy
201 silly mapToRegistry using default registry
202 silly mapToRegistry registry https://registry.npmjs.org/
203 silly mapToRegistry data Result {
203 silly mapToRegistry   raw: 'busboy',
203 silly mapToRegistry   scope: null,
203 silly mapToRegistry   escapedName: 'busboy',
203 silly mapToRegistry   name: 'busboy',
203 silly mapToRegistry   rawSpec: '',
203 silly mapToRegistry   spec: 'latest',
203 silly mapToRegistry   type: 'tag' }
204 silly mapToRegistry uri https://registry.npmjs.org/busboy
205 verbose addNameRange registry:https://registry.npmjs.org/busboy not in flight; fetching
206 silly cache afterAdd append-field@0.1.0
207 verbose afterAdd C:\Users\sony\AppData\Roaming\npm-cache\append-field\0.1.0\package\package.json not in flight; writing
208 verbose correctMkdir C:\Users\sony\AppData\Roaming\npm-cache correctMkdir not in flight; initializing
209 verbose get https://registry.npmjs.org/concat-stream not expired, no request
210 silly addNameRange number 2 { name: 'concat-stream', range: '>=1.5.0 <2.0.0', hasData: true }
211 silly addNameRange versions [ 'concat-stream',
211 silly addNameRange   [ '0.0.1',
211 silly addNameRange     '0.0.2',
211 silly addNameRange     '0.0.3',
211 silly addNameRange     '0.0.4',
211 silly addNameRange     '0.0.5',
211 silly addNameRange     '0.0.6',
211 silly addNameRange     '0.0.7',
211 silly addNameRange     '0.0.8',
211 silly addNameRange     '0.0.9',
211 silly addNameRange     '0.1.0',
211 silly addNameRange     '0.1.1',
211 silly addNameRange     '1.0.0',
211 silly addNameRange     '1.0.1',
211 silly addNameRange     '1.1.0',
211 silly addNameRange     '1.2.0',
211 silly addNameRange     '1.2.1',
211 silly addNameRange     '1.3.0',
211 silly addNameRange     '1.3.1',
211 silly addNameRange     '1.4.0',
211 silly addNameRange     '1.4.1',
211 silly addNameRange     '1.4.2',
211 silly addNameRange     '1.4.3',
211 silly addNameRange     '1.4.4',
211 silly addNameRange     '1.4.5',
211 silly addNameRange     '1.4.6',
211 silly addNameRange     '1.4.7',
211 silly addNameRange     '1.4.8',
211 silly addNameRange     '1.4.10',
211 silly addNameRange     '1.5.0',
211 silly addNameRange     '1.5.1',
211 silly addNameRange     '1.5.2',
211 silly addNameRange     '1.6.0' ] ]
212 silly addNamed concat-stream@1.6.0
213 verbose addNamed "1.6.0" is a plain semver version for concat-stream
214 silly resolveWithNewModule object-assign@3.0.0 checking installable status
215 silly cache add args [ 'object-assign@^3.0.0', null ]
216 verbose cache add spec object-assign@^3.0.0
217 silly cache add parsed spec Result {
217 silly cache add   raw: 'object-assign@^3.0.0',
217 silly cache add   scope: null,
217 silly cache add   escapedName: 'object-assign',
217 silly cache add   name: 'object-assign',
217 silly cache add   rawSpec: '^3.0.0',
217 silly cache add   spec: '>=3.0.0 <4.0.0',
217 silly cache add   type: 'range' }
218 silly addNamed object-assign@>=3.0.0 <4.0.0
219 verbose addNamed ">=3.0.0 <4.0.0" is a valid semver range for object-assign
220 silly addNameRange { name: 'object-assign',
220 silly addNameRange   range: '>=3.0.0 <4.0.0',
220 silly addNameRange   hasData: false }
221 silly mapToRegistry name object-assign
222 silly mapToRegistry using default registry
223 silly mapToRegistry registry https://registry.npmjs.org/
224 silly mapToRegistry data Result {
224 silly mapToRegistry   raw: 'object-assign',
224 silly mapToRegistry   scope: null,
224 silly mapToRegistry   escapedName: 'object-assign',
224 silly mapToRegistry   name: 'object-assign',
224 silly mapToRegistry   rawSpec: '',
224 silly mapToRegistry   spec: 'latest',
224 silly mapToRegistry   type: 'tag' }
225 silly mapToRegistry uri https://registry.npmjs.org/object-assign
226 verbose addNameRange registry:https://registry.npmjs.org/object-assign not in flight; fetching
227 silly resolveWithNewModule xtend@4.0.1 checking installable status
228 silly cache add args [ 'xtend@^4.0.0', null ]
229 verbose cache add spec xtend@^4.0.0
230 silly cache add parsed spec Result {
230 silly cache add   raw: 'xtend@^4.0.0',
230 silly cache add   scope: null,
230 silly cache add   escapedName: 'xtend',
230 silly cache add   name: 'xtend',
230 silly cache add   rawSpec: '^4.0.0',
230 silly cache add   spec: '>=4.0.0 <5.0.0',
230 silly cache add   type: 'range' }
231 silly addNamed xtend@>=4.0.0 <5.0.0
232 verbose addNamed ">=4.0.0 <5.0.0" is a valid semver range for xtend
233 silly addNameRange { name: 'xtend', range: '>=4.0.0 <5.0.0', hasData: false }
234 silly mapToRegistry name xtend
235 silly mapToRegistry using default registry
236 silly mapToRegistry registry https://registry.npmjs.org/
237 silly mapToRegistry data Result {
237 silly mapToRegistry   raw: 'xtend',
237 silly mapToRegistry   scope: null,
237 silly mapToRegistry   escapedName: 'xtend',
237 silly mapToRegistry   name: 'xtend',
237 silly mapToRegistry   rawSpec: '',
237 silly mapToRegistry   spec: 'latest',
237 silly mapToRegistry   type: 'tag' }
238 silly mapToRegistry uri https://registry.npmjs.org/xtend
239 verbose addNameRange registry:https://registry.npmjs.org/xtend not in flight; fetching
240 verbose get https://registry.npmjs.org/busboy not expired, no request
241 silly addNameRange number 2 { name: 'busboy', range: '>=0.2.11 <0.3.0', hasData: true }
242 silly addNameRange versions [ 'busboy',
242 silly addNameRange   [ '0.0.1',
242 silly addNameRange     '0.0.2',
242 silly addNameRange     '0.0.3',
242 silly addNameRange     '0.0.4',
242 silly addNameRange     '0.0.5',
242 silly addNameRange     '0.0.6',
242 silly addNameRange     '0.0.7',
242 silly addNameRange     '0.0.8',
242 silly addNameRange     '0.0.9',
242 silly addNameRange     '0.0.10',
242 silly addNameRange     '0.0.11',
242 silly addNameRange     '0.0.12',
242 silly addNameRange     '0.0.13',
242 silly addNameRange     '0.0.14',
242 silly addNameRange     '0.0.15',
242 silly addNameRange     '0.1.0',
242 silly addNameRange     '0.1.1',
242 silly addNameRange     '0.2.0',
242 silly addNameRange     '0.2.1',
242 silly addNameRange     '0.2.2',
242 silly addNameRange     '0.2.3',
242 silly addNameRange     '0.2.4',
242 silly addNameRange     '0.2.5',
242 silly addNameRange     '0.2.6',
242 silly addNameRange     '0.2.7',
242 silly addNameRange     '0.2.8',
242 silly addNameRange     '0.2.9',
242 silly addNameRange     '0.2.10',
242 silly addNameRange     '0.2.11',
242 silly addNameRange     '0.2.12',
242 silly addNameRange     '0.2.13',
242 silly addNameRange     '0.2.14' ] ]
243 silly addNamed busboy@0.2.14
244 verbose addNamed "0.2.14" is a plain semver version for busboy
245 http 304 https://registry.npmjs.org/mkdirp
246 verbose headers { date: 'Wed, 01 Mar 2017 23:43:43 GMT',
246 verbose headers   via: '1.1 varnish',
246 verbose headers   'cache-control': 'max-age=300',
246 verbose headers   etag: 'W/"58b65282-6208"',
246 verbose headers   age: '0',
246 verbose headers   connection: 'keep-alive',
246 verbose headers   'x-served-by': 'cache-bos8222-BOS',
246 verbose headers   'x-cache': 'HIT',
246 verbose headers   'x-cache-hits': '1',
246 verbose headers   'x-timer': 'S1488411823.587421,VS0,VE145',
246 verbose headers   vary: 'Accept-Encoding' }
247 silly get cb [ 304,
247 silly get   { date: 'Wed, 01 Mar 2017 23:43:43 GMT',
247 silly get     via: '1.1 varnish',
247 silly get     'cache-control': 'max-age=300',
247 silly get     etag: 'W/"58b65282-6208"',
247 silly get     age: '0',
247 silly get     connection: 'keep-alive',
247 silly get     'x-served-by': 'cache-bos8222-BOS',
247 silly get     'x-cache': 'HIT',
247 silly get     'x-cache-hits': '1',
247 silly get     'x-timer': 'S1488411823.587421,VS0,VE145',
247 silly get     vary: 'Accept-Encoding' } ]
248 verbose etag https://registry.npmjs.org/mkdirp from cache
249 verbose get saving mkdirp to C:\Users\sony\AppData\Roaming\npm-cache\registry.npmjs.org\mkdirp\.cache.json
250 verbose correctMkdir C:\Users\sony\AppData\Roaming\npm-cache correctMkdir not in flight; initializing
251 verbose get https://registry.npmjs.org/object-assign not expired, no request
252 silly addNameRange number 2 { name: 'object-assign', range: '>=3.0.0 <4.0.0', hasData: true }
253 silly addNameRange versions [ 'object-assign',
253 silly addNameRange   [ '0.1.0',
253 silly addNameRange     '0.1.1',
253 silly addNameRange     '0.1.2',
253 silly addNameRange     '0.2.0',
253 silly addNameRange     '0.2.1',
253 silly addNameRange     '0.2.2',
253 silly addNameRange     '0.3.0',
253 silly addNameRange     '0.3.1',
253 silly addNameRange     '0.4.0',
253 silly addNameRange     '1.0.0',
253 silly addNameRange     '2.0.0',
253 silly addNameRange     '3.0.0',
253 silly addNameRange     '2.1.1',
253 silly addNameRange     '4.0.0',
253 silly addNameRange     '4.0.1',
253 silly addNameRange     '4.1.0',
253 silly addNameRange     '4.1.1' ] ]
254 silly addNamed object-assign@3.0.0
255 verbose addNamed "3.0.0" is a plain semver version for object-assign
256 verbose get https://registry.npmjs.org/xtend not expired, no request
257 silly addNameRange number 2 { name: 'xtend', range: '>=4.0.0 <5.0.0', hasData: true }
258 silly addNameRange versions [ 'xtend',
258 silly addNameRange   [ '1.0.0',
258 silly addNameRange     '1.0.1',
258 silly addNameRange     '1.0.2',
258 silly addNameRange     '1.0.3',
258 silly addNameRange     '2.0.1',
258 silly addNameRange     '2.0.2',
258 silly addNameRange     '2.0.3',
258 silly addNameRange     '2.0.4',
258 silly addNameRange     '2.0.5',
258 silly addNameRange     '2.0.6',
258 silly addNameRange     '2.1.1',
258 silly addNameRange     '2.1.2',
258 silly addNameRange     '2.2.0',
258 silly addNameRange     '3.0.0',
258 silly addNameRange     '4.0.0',
258 silly addNameRange     '4.0.1' ] ]
259 silly addNamed xtend@4.0.1
260 verbose addNamed "4.0.1" is a plain semver version for xtend
261 verbose afterAdd C:\Users\sony\AppData\Roaming\npm-cache\append-field\0.1.0\package\package.json written
262 silly cache afterAdd concat-stream@1.6.0
263 verbose afterAdd C:\Users\sony\AppData\Roaming\npm-cache\concat-stream\1.6.0\package\package.json not in flight; writing
264 verbose correctMkdir C:\Users\sony\AppData\Roaming\npm-cache correctMkdir not in flight; initializing
265 silly cache afterAdd busboy@0.2.14
266 verbose afterAdd C:\Users\sony\AppData\Roaming\npm-cache\busboy\0.2.14\package\package.json not in flight; writing
267 verbose correctMkdir C:\Users\sony\AppData\Roaming\npm-cache correctMkdir not in flight; initializing
268 silly cache afterAdd object-assign@3.0.0
269 verbose afterAdd C:\Users\sony\AppData\Roaming\npm-cache\object-assign\3.0.0\package\package.json not in flight; writing
270 verbose correctMkdir C:\Users\sony\AppData\Roaming\npm-cache correctMkdir not in flight; initializing
271 silly resolveWithNewModule mkdirp@0.5.1 checking installable status
272 silly cache add args [ 'mkdirp@^0.5.1', null ]
273 verbose cache add spec mkdirp@^0.5.1
274 silly cache add parsed spec Result {
274 silly cache add   raw: 'mkdirp@^0.5.1',
274 silly cache add   scope: null,
274 silly cache add   escapedName: 'mkdirp',
274 silly cache add   name: 'mkdirp',
274 silly cache add   rawSpec: '^0.5.1',
274 silly cache add   spec: '>=0.5.1 <0.6.0',
274 silly cache add   type: 'range' }
275 silly addNamed mkdirp@>=0.5.1 <0.6.0
276 verbose addNamed ">=0.5.1 <0.6.0" is a valid semver range for mkdirp
277 silly addNameRange { name: 'mkdirp', range: '>=0.5.1 <0.6.0', hasData: false }
278 silly mapToRegistry name mkdirp
279 silly mapToRegistry using default registry
280 silly mapToRegistry registry https://registry.npmjs.org/
281 silly mapToRegistry data Result {
281 silly mapToRegistry   raw: 'mkdirp',
281 silly mapToRegistry   scope: null,
281 silly mapToRegistry   escapedName: 'mkdirp',
281 silly mapToRegistry   name: 'mkdirp',
281 silly mapToRegistry   rawSpec: '',
281 silly mapToRegistry   spec: 'latest',
281 silly mapToRegistry   type: 'tag' }
282 silly mapToRegistry uri https://registry.npmjs.org/mkdirp
283 verbose addNameRange registry:https://registry.npmjs.org/mkdirp not in flight; fetching
284 silly cache afterAdd xtend@4.0.1
285 verbose afterAdd C:\Users\sony\AppData\Roaming\npm-cache\xtend\4.0.1\package\package.json not in flight; writing
286 verbose correctMkdir C:\Users\sony\AppData\Roaming\npm-cache correctMkdir not in flight; initializing
287 verbose get https://registry.npmjs.org/mkdirp not expired, no request
288 silly addNameRange number 2 { name: 'mkdirp', range: '>=0.5.1 <0.6.0', hasData: true }
289 silly addNameRange versions [ 'mkdirp',
289 silly addNameRange   [ '0.0.1',
289 silly addNameRange     '0.0.2',
289 silly addNameRange     '0.0.3',
289 silly addNameRange     '0.0.4',
289 silly addNameRange     '0.0.5',
289 silly addNameRange     '0.0.6',
289 silly addNameRange     '0.0.7',
289 silly addNameRange     '0.1.0',
289 silly addNameRange     '0.2.0',
289 silly addNameRange     '0.2.1',
289 silly addNameRange     '0.2.2',
289 silly addNameRange     '0.3.0',
289 silly addNameRange     '0.3.1',
289 silly addNameRange     '0.3.2',
289 silly addNameRange     '0.3.3',
289 silly addNameRange     '0.3.4',
289 silly addNameRange     '0.3.5',
289 silly addNameRange     '0.4.0',
289 silly addNameRange     '0.4.1',
289 silly addNameRange     '0.4.2',
289 silly addNameRange     '0.5.0',
289 silly addNameRange     '0.5.1' ] ]
290 silly addNamed mkdirp@0.5.1
291 verbose addNamed "0.5.1" is a plain semver version for mkdirp
292 verbose afterAdd C:\Users\sony\AppData\Roaming\npm-cache\busboy\0.2.14\package\package.json written
293 verbose afterAdd C:\Users\sony\AppData\Roaming\npm-cache\concat-stream\1.6.0\package\package.json written
294 verbose afterAdd C:\Users\sony\AppData\Roaming\npm-cache\object-assign\3.0.0\package\package.json written
295 verbose afterAdd C:\Users\sony\AppData\Roaming\npm-cache\xtend\4.0.1\package\package.json written
296 silly cache afterAdd mkdirp@0.5.1
297 verbose afterAdd C:\Users\sony\AppData\Roaming\npm-cache\mkdirp\0.5.1\package\package.json not in flight; writing
298 verbose correctMkdir C:\Users\sony\AppData\Roaming\npm-cache correctMkdir not in flight; initializing
299 verbose afterAdd C:\Users\sony\AppData\Roaming\npm-cache\mkdirp\0.5.1\package\package.json written
300 silly fetchNamedPackageData dicer
301 silly mapToRegistry name dicer
302 silly mapToRegistry using default registry
303 silly mapToRegistry registry https://registry.npmjs.org/
304 silly mapToRegistry data Result {
304 silly mapToRegistry   raw: 'dicer',
304 silly mapToRegistry   scope: null,
304 silly mapToRegistry   escapedName: 'dicer',
304 silly mapToRegistry   name: 'dicer',
304 silly mapToRegistry   rawSpec: '',
304 silly mapToRegistry   spec: 'latest',
304 silly mapToRegistry   type: 'tag' }
305 silly mapToRegistry uri https://registry.npmjs.org/dicer
306 silly fetchNamedPackageData readable-stream
307 silly mapToRegistry name readable-stream
308 silly mapToRegistry using default registry
309 silly mapToRegistry registry https://registry.npmjs.org/
310 silly mapToRegistry data Result {
310 silly mapToRegistry   raw: 'readable-stream',
310 silly mapToRegistry   scope: null,
310 silly mapToRegistry   escapedName: 'readable-stream',
310 silly mapToRegistry   name: 'readable-stream',
310 silly mapToRegistry   rawSpec: '',
310 silly mapToRegistry   spec: 'latest',
310 silly mapToRegistry   type: 'tag' }
311 silly mapToRegistry uri https://registry.npmjs.org/readable-stream
312 verbose request uri https://registry.npmjs.org/dicer
313 verbose request no auth needed
314 info attempt registry request try #1 at 6:43:55 PM
315 verbose etag W/"5818cd42-5c64"
316 verbose lastModified Tue, 01 Nov 2016 17:13:38 GMT
317 http request GET https://registry.npmjs.org/dicer
318 verbose request uri https://registry.npmjs.org/readable-stream
319 verbose request no auth needed
320 info attempt registry request try #1 at 6:43:55 PM
321 verbose etag W/"58ac5182-12ea8"
322 verbose lastModified Tue, 21 Feb 2017 14:41:06 GMT
323 http request GET https://registry.npmjs.org/readable-stream
324 http 304 https://registry.npmjs.org/dicer
325 verbose headers { date: 'Wed, 01 Mar 2017 23:43:44 GMT',
325 verbose headers   via: '1.1 varnish',
325 verbose headers   'cache-control': 'max-age=300',
325 verbose headers   etag: 'W/"5818cd42-5c64"',
325 verbose headers   age: '200',
325 verbose headers   connection: 'keep-alive',
325 verbose headers   'x-served-by': 'cache-bos8226-BOS',
325 verbose headers   'x-cache': 'HIT',
325 verbose headers   'x-cache-hits': '1',
325 verbose headers   'x-timer': 'S1488411824.078999,VS0,VE0',
325 verbose headers   vary: 'Accept-Encoding' }
326 silly get cb [ 304,
326 silly get   { date: 'Wed, 01 Mar 2017 23:43:44 GMT',
326 silly get     via: '1.1 varnish',
326 silly get     'cache-control': 'max-age=300',
326 silly get     etag: 'W/"5818cd42-5c64"',
326 silly get     age: '200',
326 silly get     connection: 'keep-alive',
326 silly get     'x-served-by': 'cache-bos8226-BOS',
326 silly get     'x-cache': 'HIT',
326 silly get     'x-cache-hits': '1',
326 silly get     'x-timer': 'S1488411824.078999,VS0,VE0',
326 silly get     vary: 'Accept-Encoding' } ]
327 verbose etag https://registry.npmjs.org/dicer from cache
328 verbose get saving dicer to C:\Users\sony\AppData\Roaming\npm-cache\registry.npmjs.org\dicer\.cache.json
329 verbose correctMkdir C:\Users\sony\AppData\Roaming\npm-cache correctMkdir not in flight; initializing
330 http 304 https://registry.npmjs.org/readable-stream
331 verbose headers { date: 'Wed, 01 Mar 2017 23:43:44 GMT',
331 verbose headers   via: '1.1 varnish',
331 verbose headers   'cache-control': 'max-age=300',
331 verbose headers   etag: 'W/"58ac5182-12ea8"',
331 verbose headers   age: '118',
331 verbose headers   connection: 'keep-alive',
331 verbose headers   'x-served-by': 'cache-bos8226-BOS',
331 verbose headers   'x-cache': 'HIT',
331 verbose headers   'x-cache-hits': '2',
331 verbose headers   'x-timer': 'S1488411824.097166,VS0,VE0',
331 verbose headers   vary: 'Accept-Encoding' }
332 silly get cb [ 304,
332 silly get   { date: 'Wed, 01 Mar 2017 23:43:44 GMT',
332 silly get     via: '1.1 varnish',
332 silly get     'cache-control': 'max-age=300',
332 silly get     etag: 'W/"58ac5182-12ea8"',
332 silly get     age: '118',
332 silly get     connection: 'keep-alive',
332 silly get     'x-served-by': 'cache-bos8226-BOS',
332 silly get     'x-cache': 'HIT',
332 silly get     'x-cache-hits': '2',
332 silly get     'x-timer': 'S1488411824.097166,VS0,VE0',
332 silly get     vary: 'Accept-Encoding' } ]
333 verbose etag https://registry.npmjs.org/readable-stream from cache
334 verbose get saving readable-stream to C:\Users\sony\AppData\Roaming\npm-cache\registry.npmjs.org\readable-stream\.cache.json
335 verbose correctMkdir C:\Users\sony\AppData\Roaming\npm-cache correctMkdir not in flight; initializing
336 silly resolveWithNewModule dicer@0.2.5 checking installable status
337 silly cache add args [ 'dicer@0.2.5', null ]
338 verbose cache add spec dicer@0.2.5
339 silly cache add parsed spec Result {
339 silly cache add   raw: 'dicer@0.2.5',
339 silly cache add   scope: null,
339 silly cache add   escapedName: 'dicer',
339 silly cache add   name: 'dicer',
339 silly cache add   rawSpec: '0.2.5',
339 silly cache add   spec: '0.2.5',
339 silly cache add   type: 'version' }
340 silly addNamed dicer@0.2.5
341 verbose addNamed "0.2.5" is a plain semver version for dicer
342 silly mapToRegistry name dicer
343 silly mapToRegistry using default registry
344 silly mapToRegistry registry https://registry.npmjs.org/
345 silly mapToRegistry data Result {
345 silly mapToRegistry   raw: 'dicer',
345 silly mapToRegistry   scope: null,
345 silly mapToRegistry   escapedName: 'dicer',
345 silly mapToRegistry   name: 'dicer',
345 silly mapToRegistry   rawSpec: '',
345 silly mapToRegistry   spec: 'latest',
345 silly mapToRegistry   type: 'tag' }
346 silly mapToRegistry uri https://registry.npmjs.org/dicer
347 verbose addNameVersion registry:https://registry.npmjs.org/dicer not in flight; fetching
348 silly resolveWithNewModule readable-stream@1.1.14 checking installable status
349 silly cache add args [ 'readable-stream@1.1.x', null ]
350 verbose cache add spec readable-stream@1.1.x
351 silly cache add parsed spec Result {
351 silly cache add   raw: 'readable-stream@1.1.x',
351 silly cache add   scope: null,
351 silly cache add   escapedName: 'readable-stream',
351 silly cache add   name: 'readable-stream',
351 silly cache add   rawSpec: '1.1.x',
351 silly cache add   spec: '>=1.1.0 <1.2.0',
351 silly cache add   type: 'range' }
352 silly addNamed readable-stream@>=1.1.0 <1.2.0
353 verbose addNamed ">=1.1.0 <1.2.0" is a valid semver range for readable-stream
354 silly addNameRange { name: 'readable-stream',
354 silly addNameRange   range: '>=1.1.0 <1.2.0',
354 silly addNameRange   hasData: false }
355 silly mapToRegistry name readable-stream
356 silly mapToRegistry using default registry
357 silly mapToRegistry registry https://registry.npmjs.org/
358 silly mapToRegistry data Result {
358 silly mapToRegistry   raw: 'readable-stream',
358 silly mapToRegistry   scope: null,
358 silly mapToRegistry   escapedName: 'readable-stream',
358 silly mapToRegistry   name: 'readable-stream',
358 silly mapToRegistry   rawSpec: '',
358 silly mapToRegistry   spec: 'latest',
358 silly mapToRegistry   type: 'tag' }
359 silly mapToRegistry uri https://registry.npmjs.org/readable-stream
360 verbose addNameRange registry:https://registry.npmjs.org/readable-stream not in flight; fetching
361 verbose get https://registry.npmjs.org/dicer not expired, no request
362 verbose get https://registry.npmjs.org/readable-stream not expired, no request
363 silly addNameRange number 2 { name: 'readable-stream',
363 silly addNameRange   range: '>=1.1.0 <1.2.0',
363 silly addNameRange   hasData: true }
364 silly addNameRange versions [ 'readable-stream',
364 silly addNameRange   [ '0.0.1',
364 silly addNameRange     '0.0.2',
364 silly addNameRange     '0.0.3',
364 silly addNameRange     '0.0.4',
364 silly addNameRange     '0.1.0',
364 silly addNameRange     '0.2.0',
364 silly addNameRange     '0.3.0',
364 silly addNameRange     '0.3.1',
364 silly addNameRange     '1.0.0',
364 silly addNameRange     '1.0.1',
364 silly addNameRange     '1.0.2',
364 silly addNameRange     '1.0.15',
364 silly addNameRange     '1.0.17',
364 silly addNameRange     '1.1.7',
364 silly addNameRange     '1.1.8',
364 silly addNameRange     '1.1.9',
364 silly addNameRange     '1.0.24',
364 silly addNameRange     '1.0.25',
364 silly addNameRange     '1.1.10',
364 silly addNameRange     '1.0.25-1',
364 silly addNameRange     '1.1.11',
364 silly addNameRange     '1.0.26',
364 silly addNameRange     '1.0.26-1',
364 silly addNameRange     '1.1.11-1',
364 silly addNameRange     '1.0.26-2',
364 silly addNameRange     '1.1.12',
364 silly addNameRange     '1.0.26-3',
364 silly addNameRange     '1.0.26-4',
364 silly addNameRange     '1.1.12-1',
364 silly addNameRange     '1.0.27-1',
364 silly addNameRange     '1.1.13-1',
364 silly addNameRange     '1.0.31',
364 silly addNameRange     '1.1.13',
364 silly addNameRange     '1.0.32',
364 silly addNameRange     '1.0.32-1',
364 silly addNameRange     '1.0.33-1',
364 silly addNameRange     '1.0.33-2',
364 silly addNameRange     '1.0.33',
364 silly addNameRange     '2.0.0',
364 silly addNameRange     '2.0.1',
364 silly addNameRange     '2.0.2',
364 silly addNameRange     '2.0.3',
364 silly addNameRange     '2.0.4',
364 silly addNameRange     '2.0.5',
364 silly addNameRange     '2.0.6',
364 silly addNameRange     '1.0.34',
364 silly addNameRange     '1.1.14',
364 silly addNameRange     '2.1.0',
364 silly addNameRange     '2.1.1',
364 silly addNameRange     '2.1.2',
364 silly addNameRange     '2.1.3',
364 silly addNameRange     '2.1.4',
364 silly addNameRange     '2.1.5',
364 silly addNameRange     '2.2.0',
364 silly addNameRange     '2.2.1',
364 silly addNameRange     '2.2.2',
364 silly addNameRange     '2.2.3' ] ]
365 silly addNamed readable-stream@1.1.14
366 verbose addNamed "1.1.14" is a plain semver version for readable-stream
367 silly cache afterAdd dicer@0.2.5
368 verbose afterAdd C:\Users\sony\AppData\Roaming\npm-cache\dicer\0.2.5\package\package.json not in flight; writing
369 verbose correctMkdir C:\Users\sony\AppData\Roaming\npm-cache correctMkdir not in flight; initializing
370 silly cache afterAdd readable-stream@1.1.14
371 verbose afterAdd C:\Users\sony\AppData\Roaming\npm-cache\readable-stream\1.1.14\package\package.json not in flight; writing
372 verbose correctMkdir C:\Users\sony\AppData\Roaming\npm-cache correctMkdir not in flight; initializing
373 verbose afterAdd C:\Users\sony\AppData\Roaming\npm-cache\dicer\0.2.5\package\package.json written
374 verbose afterAdd C:\Users\sony\AppData\Roaming\npm-cache\readable-stream\1.1.14\package\package.json written
375 silly fetchNamedPackageData streamsearch
376 silly mapToRegistry name streamsearch
377 silly mapToRegistry using default registry
378 silly mapToRegistry registry https://registry.npmjs.org/
379 silly mapToRegistry data Result {
379 silly mapToRegistry   raw: 'streamsearch',
379 silly mapToRegistry   scope: null,
379 silly mapToRegistry   escapedName: 'streamsearch',
379 silly mapToRegistry   name: 'streamsearch',
379 silly mapToRegistry   rawSpec: '',
379 silly mapToRegistry   spec: 'latest',
379 silly mapToRegistry   type: 'tag' }
380 silly mapToRegistry uri https://registry.npmjs.org/streamsearch
381 silly fetchNamedPackageData readable-stream
382 silly mapToRegistry name readable-stream
383 silly mapToRegistry using default registry
384 silly mapToRegistry registry https://registry.npmjs.org/
385 silly mapToRegistry data Result {
385 silly mapToRegistry   raw: 'readable-stream',
385 silly mapToRegistry   scope: null,
385 silly mapToRegistry   escapedName: 'readable-stream',
385 silly mapToRegistry   name: 'readable-stream',
385 silly mapToRegistry   rawSpec: '',
385 silly mapToRegistry   spec: 'latest',
385 silly mapToRegistry   type: 'tag' }
386 silly mapToRegistry uri https://registry.npmjs.org/readable-stream
387 silly resolveWithNewModule readable-stream@1.1.14 checking installable status
388 verbose request uri https://registry.npmjs.org/streamsearch
389 verbose request no auth needed
390 info attempt registry request try #1 at 6:43:55 PM
391 verbose etag W/"584594fe-4dd4"
392 verbose lastModified Mon, 05 Dec 2016 16:25:34 GMT
393 http request GET https://registry.npmjs.org/streamsearch
394 http 304 https://registry.npmjs.org/streamsearch
395 verbose headers { date: 'Wed, 01 Mar 2017 23:43:44 GMT',
395 verbose headers   via: '1.1 varnish',
395 verbose headers   'cache-control': 'max-age=300',
395 verbose headers   etag: 'W/"584594fe-4dd4"',
395 verbose headers   age: '201',
395 verbose headers   connection: 'keep-alive',
395 verbose headers   'x-served-by': 'cache-bos8234-BOS',
395 verbose headers   'x-cache': 'HIT',
395 verbose headers   'x-cache-hits': '1',
395 verbose headers   'x-timer': 'S1488411824.519066,VS0,VE0',
395 verbose headers   vary: 'Accept-Encoding' }
396 silly get cb [ 304,
396 silly get   { date: 'Wed, 01 Mar 2017 23:43:44 GMT',
396 silly get     via: '1.1 varnish',
396 silly get     'cache-control': 'max-age=300',
396 silly get     etag: 'W/"584594fe-4dd4"',
396 silly get     age: '201',
396 silly get     connection: 'keep-alive',
396 silly get     'x-served-by': 'cache-bos8234-BOS',
396 silly get     'x-cache': 'HIT',
396 silly get     'x-cache-hits': '1',
396 silly get     'x-timer': 'S1488411824.519066,VS0,VE0',
396 silly get     vary: 'Accept-Encoding' } ]
397 verbose etag https://registry.npmjs.org/streamsearch from cache
398 verbose get saving streamsearch to C:\Users\sony\AppData\Roaming\npm-cache\registry.npmjs.org\streamsearch\.cache.json
399 verbose correctMkdir C:\Users\sony\AppData\Roaming\npm-cache correctMkdir not in flight; initializing
400 silly resolveWithNewModule streamsearch@0.1.2 checking installable status
401 silly cache add args [ 'streamsearch@0.1.2', null ]
402 verbose cache add spec streamsearch@0.1.2
403 silly cache add parsed spec Result {
403 silly cache add   raw: 'streamsearch@0.1.2',
403 silly cache add   scope: null,
403 silly cache add   escapedName: 'streamsearch',
403 silly cache add   name: 'streamsearch',
403 silly cache add   rawSpec: '0.1.2',
403 silly cache add   spec: '0.1.2',
403 silly cache add   type: 'version' }
404 silly addNamed streamsearch@0.1.2
405 verbose addNamed "0.1.2" is a plain semver version for streamsearch
406 silly mapToRegistry name streamsearch
407 silly mapToRegistry using default registry
408 silly mapToRegistry registry https://registry.npmjs.org/
409 silly mapToRegistry data Result {
409 silly mapToRegistry   raw: 'streamsearch',
409 silly mapToRegistry   scope: null,
409 silly mapToRegistry   escapedName: 'streamsearch',
409 silly mapToRegistry   name: 'streamsearch',
409 silly mapToRegistry   rawSpec: '',
409 silly mapToRegistry   spec: 'latest',
409 silly mapToRegistry   type: 'tag' }
410 silly mapToRegistry uri https://registry.npmjs.org/streamsearch
411 verbose addNameVersion registry:https://registry.npmjs.org/streamsearch not in flight; fetching
412 verbose get https://registry.npmjs.org/streamsearch not expired, no request
413 silly cache afterAdd streamsearch@0.1.2
414 verbose afterAdd C:\Users\sony\AppData\Roaming\npm-cache\streamsearch\0.1.2\package\package.json not in flight; writing
415 verbose correctMkdir C:\Users\sony\AppData\Roaming\npm-cache correctMkdir not in flight; initializing
416 verbose afterAdd C:\Users\sony\AppData\Roaming\npm-cache\streamsearch\0.1.2\package\package.json written
417 silly fetchNamedPackageData isarray
418 silly mapToRegistry name isarray
419 silly mapToRegistry using default registry
420 silly mapToRegistry registry https://registry.npmjs.org/
421 silly mapToRegistry data Result {
421 silly mapToRegistry   raw: 'isarray',
421 silly mapToRegistry   scope: null,
421 silly mapToRegistry   escapedName: 'isarray',
421 silly mapToRegistry   name: 'isarray',
421 silly mapToRegistry   rawSpec: '',
421 silly mapToRegistry   spec: 'latest',
421 silly mapToRegistry   type: 'tag' }
422 silly mapToRegistry uri https://registry.npmjs.org/isarray
423 verbose request uri https://registry.npmjs.org/isarray
424 verbose request no auth needed
425 info attempt registry request try #1 at 6:43:56 PM
426 verbose etag W/"5818d2eb-226a"
427 verbose lastModified Tue, 01 Nov 2016 17:37:47 GMT
428 http request GET https://registry.npmjs.org/isarray
429 http 304 https://registry.npmjs.org/isarray
430 verbose headers { date: 'Wed, 01 Mar 2017 23:43:44 GMT',
430 verbose headers   via: '1.1 varnish',
430 verbose headers   'cache-control': 'max-age=300',
430 verbose headers   etag: 'W/"5818d2eb-226a"',
430 verbose headers   age: '225',
430 verbose headers   connection: 'keep-alive',
430 verbose headers   'x-served-by': 'cache-bos8223-BOS',
430 verbose headers   'x-cache': 'HIT',
430 verbose headers   'x-cache-hits': '4',
430 verbose headers   'x-timer': 'S1488411824.671031,VS0,VE0',
430 verbose headers   vary: 'Accept-Encoding' }
431 silly get cb [ 304,
431 silly get   { date: 'Wed, 01 Mar 2017 23:43:44 GMT',
431 silly get     via: '1.1 varnish',
431 silly get     'cache-control': 'max-age=300',
431 silly get     etag: 'W/"5818d2eb-226a"',
431 silly get     age: '225',
431 silly get     connection: 'keep-alive',
431 silly get     'x-served-by': 'cache-bos8223-BOS',
431 silly get     'x-cache': 'HIT',
431 silly get     'x-cache-hits': '4',
431 silly get     'x-timer': 'S1488411824.671031,VS0,VE0',
431 silly get     vary: 'Accept-Encoding' } ]
432 verbose etag https://registry.npmjs.org/isarray from cache
433 verbose get saving isarray to C:\Users\sony\AppData\Roaming\npm-cache\registry.npmjs.org\isarray\.cache.json
434 verbose correctMkdir C:\Users\sony\AppData\Roaming\npm-cache correctMkdir not in flight; initializing
435 silly resolveWithNewModule isarray@0.0.1 checking installable status
436 silly cache add args [ 'isarray@0.0.1', null ]
437 verbose cache add spec isarray@0.0.1
438 silly cache add parsed spec Result {
438 silly cache add   raw: 'isarray@0.0.1',
438 silly cache add   scope: null,
438 silly cache add   escapedName: 'isarray',
438 silly cache add   name: 'isarray',
438 silly cache add   rawSpec: '0.0.1',
438 silly cache add   spec: '0.0.1',
438 silly cache add   type: 'version' }
439 silly addNamed isarray@0.0.1
440 verbose addNamed "0.0.1" is a plain semver version for isarray
441 silly mapToRegistry name isarray
442 silly mapToRegistry using default registry
443 silly mapToRegistry registry https://registry.npmjs.org/
444 silly mapToRegistry data Result {
444 silly mapToRegistry   raw: 'isarray',
444 silly mapToRegistry   scope: null,
444 silly mapToRegistry   escapedName: 'isarray',
444 silly mapToRegistry   name: 'isarray',
444 silly mapToRegistry   rawSpec: '',
444 silly mapToRegistry   spec: 'latest',
444 silly mapToRegistry   type: 'tag' }
445 silly mapToRegistry uri https://registry.npmjs.org/isarray
446 verbose addNameVersion registry:https://registry.npmjs.org/isarray not in flight; fetching
447 verbose get https://registry.npmjs.org/isarray not expired, no request
448 silly cache afterAdd isarray@0.0.1
449 verbose afterAdd C:\Users\sony\AppData\Roaming\npm-cache\isarray\0.0.1\package\package.json not in flight; writing
450 verbose correctMkdir C:\Users\sony\AppData\Roaming\npm-cache correctMkdir not in flight; initializing
451 verbose afterAdd C:\Users\sony\AppData\Roaming\npm-cache\isarray\0.0.1\package\package.json written
452 silly fetchNamedPackageData isarray
453 silly mapToRegistry name isarray
454 silly mapToRegistry using default registry
455 silly mapToRegistry registry https://registry.npmjs.org/
456 silly mapToRegistry data Result {
456 silly mapToRegistry   raw: 'isarray',
456 silly mapToRegistry   scope: null,
456 silly mapToRegistry   escapedName: 'isarray',
456 silly mapToRegistry   name: 'isarray',
456 silly mapToRegistry   rawSpec: '',
456 silly mapToRegistry   spec: 'latest',
456 silly mapToRegistry   type: 'tag' }
457 silly mapToRegistry uri https://registry.npmjs.org/isarray
458 silly resolveWithNewModule isarray@0.0.1 checking installable status
459 silly fetchNamedPackageData typedarray
460 silly mapToRegistry name typedarray
461 silly mapToRegistry using default registry
462 silly mapToRegistry registry https://registry.npmjs.org/
463 silly mapToRegistry data Result {
463 silly mapToRegistry   raw: 'typedarray',
463 silly mapToRegistry   scope: null,
463 silly mapToRegistry   escapedName: 'typedarray',
463 silly mapToRegistry   name: 'typedarray',
463 silly mapToRegistry   rawSpec: '',
463 silly mapToRegistry   spec: 'latest',
463 silly mapToRegistry   type: 'tag' }
464 silly mapToRegistry uri https://registry.npmjs.org/typedarray
465 silly fetchNamedPackageData readable-stream
466 silly mapToRegistry name readable-stream
467 silly mapToRegistry using default registry
468 silly mapToRegistry registry https://registry.npmjs.org/
469 silly mapToRegistry data Result {
469 silly mapToRegistry   raw: 'readable-stream',
469 silly mapToRegistry   scope: null,
469 silly mapToRegistry   escapedName: 'readable-stream',
469 silly mapToRegistry   name: 'readable-stream',
469 silly mapToRegistry   rawSpec: '',
469 silly mapToRegistry   spec: 'latest',
469 silly mapToRegistry   type: 'tag' }
470 silly mapToRegistry uri https://registry.npmjs.org/readable-stream
471 silly resolveWithNewModule readable-stream@2.2.3 checking installable status
472 silly cache add args [ 'readable-stream@^2.2.2', null ]
473 verbose cache add spec readable-stream@^2.2.2
474 silly cache add parsed spec Result {
474 silly cache add   raw: 'readable-stream@^2.2.2',
474 silly cache add   scope: null,
474 silly cache add   escapedName: 'readable-stream',
474 silly cache add   name: 'readable-stream',
474 silly cache add   rawSpec: '^2.2.2',
474 silly cache add   spec: '>=2.2.2 <3.0.0',
474 silly cache add   type: 'range' }
475 silly addNamed readable-stream@>=2.2.2 <3.0.0
476 verbose addNamed ">=2.2.2 <3.0.0" is a valid semver range for readable-stream
477 silly addNameRange { name: 'readable-stream',
477 silly addNameRange   range: '>=2.2.2 <3.0.0',
477 silly addNameRange   hasData: false }
478 silly mapToRegistry name readable-stream
479 silly mapToRegistry using default registry
480 silly mapToRegistry registry https://registry.npmjs.org/
481 silly mapToRegistry data Result {
481 silly mapToRegistry   raw: 'readable-stream',
481 silly mapToRegistry   scope: null,
481 silly mapToRegistry   escapedName: 'readable-stream',
481 silly mapToRegistry   name: 'readable-stream',
481 silly mapToRegistry   rawSpec: '',
481 silly mapToRegistry   spec: 'latest',
481 silly mapToRegistry   type: 'tag' }
482 silly mapToRegistry uri https://registry.npmjs.org/readable-stream
483 verbose addNameRange registry:https://registry.npmjs.org/readable-stream not in flight; fetching
484 verbose get https://registry.npmjs.org/readable-stream not expired, no request
485 silly addNameRange number 2 { name: 'readable-stream',
485 silly addNameRange   range: '>=2.2.2 <3.0.0',
485 silly addNameRange   hasData: true }
486 silly addNameRange versions [ 'readable-stream',
486 silly addNameRange   [ '0.0.1',
486 silly addNameRange     '0.0.2',
486 silly addNameRange     '0.0.3',
486 silly addNameRange     '0.0.4',
486 silly addNameRange     '0.1.0',
486 silly addNameRange     '0.2.0',
486 silly addNameRange     '0.3.0',
486 silly addNameRange     '0.3.1',
486 silly addNameRange     '1.0.0',
486 silly addNameRange     '1.0.1',
486 silly addNameRange     '1.0.2',
486 silly addNameRange     '1.0.15',
486 silly addNameRange     '1.0.17',
486 silly addNameRange     '1.1.7',
486 silly addNameRange     '1.1.8',
486 silly addNameRange     '1.1.9',
486 silly addNameRange     '1.0.24',
486 silly addNameRange     '1.0.25',
486 silly addNameRange     '1.1.10',
486 silly addNameRange     '1.0.25-1',
486 silly addNameRange     '1.1.11',
486 silly addNameRange     '1.0.26',
486 silly addNameRange     '1.0.26-1',
486 silly addNameRange     '1.1.11-1',
486 silly addNameRange     '1.0.26-2',
486 silly addNameRange     '1.1.12',
486 silly addNameRange     '1.0.26-3',
486 silly addNameRange     '1.0.26-4',
486 silly addNameRange     '1.1.12-1',
486 silly addNameRange     '1.0.27-1',
486 silly addNameRange     '1.1.13-1',
486 silly addNameRange     '1.0.31',
486 silly addNameRange     '1.1.13',
486 silly addNameRange     '1.0.32',
486 silly addNameRange     '1.0.32-1',
486 silly addNameRange     '1.0.33-1',
486 silly addNameRange     '1.0.33-2',
486 silly addNameRange     '1.0.33',
486 silly addNameRange     '2.0.0',
486 silly addNameRange     '2.0.1',
486 silly addNameRange     '2.0.2',
486 silly addNameRange     '2.0.3',
486 silly addNameRange     '2.0.4',
486 silly addNameRange     '2.0.5',
486 silly addNameRange     '2.0.6',
486 silly addNameRange     '1.0.34',
486 silly addNameRange     '1.1.14',
486 silly addNameRange     '2.1.0',
486 silly addNameRange     '2.1.1',
486 silly addNameRange     '2.1.2',
486 silly addNameRange     '2.1.3',
486 silly addNameRange     '2.1.4',
486 silly addNameRange     '2.1.5',
486 silly addNameRange     '2.2.0',
486 silly addNameRange     '2.2.1',
486 silly addNameRange     '2.2.2',
486 silly addNameRange     '2.2.3' ] ]
487 silly addNamed readable-stream@2.2.3
488 verbose addNamed "2.2.3" is a plain semver version for readable-stream
489 verbose request uri https://registry.npmjs.org/typedarray
490 verbose request no auth needed
491 info attempt registry request try #1 at 6:43:56 PM
492 verbose etag W/"5376cf01-2c2f"
493 verbose lastModified Sat, 17 May 2014 02:52:49 GMT
494 http request GET https://registry.npmjs.org/typedarray
495 silly cache afterAdd readable-stream@2.2.3
496 verbose afterAdd C:\Users\sony\AppData\Roaming\npm-cache\readable-stream\2.2.3\package\package.json not in flight; writing
497 verbose correctMkdir C:\Users\sony\AppData\Roaming\npm-cache correctMkdir not in flight; initializing
498 verbose afterAdd C:\Users\sony\AppData\Roaming\npm-cache\readable-stream\2.2.3\package\package.json written
499 http 304 https://registry.npmjs.org/typedarray
500 verbose headers { date: 'Wed, 01 Mar 2017 23:43:44 GMT',
500 verbose headers   via: '1.1 varnish',
500 verbose headers   'cache-control': 'max-age=300',
500 verbose headers   etag: 'W/"5376cf01-2c2f"',
500 verbose headers   age: '201',
500 verbose headers   connection: 'keep-alive',
500 verbose headers   'x-served-by': 'cache-bos8222-BOS',
500 verbose headers   'x-cache': 'HIT',
500 verbose headers   'x-cache-hits': '1',
500 verbose headers   'x-timer': 'S1488411824.929147,VS0,VE0',
500 verbose headers   vary: 'Accept-Encoding' }
501 silly get cb [ 304,
501 silly get   { date: 'Wed, 01 Mar 2017 23:43:44 GMT',
501 silly get     via: '1.1 varnish',
501 silly get     'cache-control': 'max-age=300',
501 silly get     etag: 'W/"5376cf01-2c2f"',
501 silly get     age: '201',
501 silly get     connection: 'keep-alive',
501 silly get     'x-served-by': 'cache-bos8222-BOS',
501 silly get     'x-cache': 'HIT',
501 silly get     'x-cache-hits': '1',
501 silly get     'x-timer': 'S1488411824.929147,VS0,VE0',
501 silly get     vary: 'Accept-Encoding' } ]
502 verbose etag https://registry.npmjs.org/typedarray from cache
503 verbose get saving typedarray to C:\Users\sony\AppData\Roaming\npm-cache\registry.npmjs.org\typedarray\.cache.json
504 verbose correctMkdir C:\Users\sony\AppData\Roaming\npm-cache correctMkdir not in flight; initializing
505 silly resolveWithNewModule typedarray@0.0.6 checking installable status
506 silly cache add args [ 'typedarray@^0.0.6', null ]
507 verbose cache add spec typedarray@^0.0.6
508 silly cache add parsed spec Result {
508 silly cache add   raw: 'typedarray@^0.0.6',
508 silly cache add   scope: null,
508 silly cache add   escapedName: 'typedarray',
508 silly cache add   name: 'typedarray',
508 silly cache add   rawSpec: '^0.0.6',
508 silly cache add   spec: '>=0.0.6 <0.0.7',
508 silly cache add   type: 'range' }
509 silly addNamed typedarray@>=0.0.6 <0.0.7
510 verbose addNamed ">=0.0.6 <0.0.7" is a valid semver range for typedarray
511 silly addNameRange { name: 'typedarray', range: '>=0.0.6 <0.0.7', hasData: false }
512 silly mapToRegistry name typedarray
513 silly mapToRegistry using default registry
514 silly mapToRegistry registry https://registry.npmjs.org/
515 silly mapToRegistry data Result {
515 silly mapToRegistry   raw: 'typedarray',
515 silly mapToRegistry   scope: null,
515 silly mapToRegistry   escapedName: 'typedarray',
515 silly mapToRegistry   name: 'typedarray',
515 silly mapToRegistry   rawSpec: '',
515 silly mapToRegistry   spec: 'latest',
515 silly mapToRegistry   type: 'tag' }
516 silly mapToRegistry uri https://registry.npmjs.org/typedarray
517 verbose addNameRange registry:https://registry.npmjs.org/typedarray not in flight; fetching
518 verbose get https://registry.npmjs.org/typedarray not expired, no request
519 silly addNameRange number 2 { name: 'typedarray', range: '>=0.0.6 <0.0.7', hasData: true }
520 silly addNameRange versions [ 'typedarray',
520 silly addNameRange   [ '0.0.0', '0.0.1', '0.0.2', '0.0.3', '0.0.4', '0.0.5', '0.0.6' ] ]
521 silly addNamed typedarray@0.0.6
522 verbose addNamed "0.0.6" is a plain semver version for typedarray
523 silly cache afterAdd typedarray@0.0.6
524 verbose afterAdd C:\Users\sony\AppData\Roaming\npm-cache\typedarray\0.0.6\package\package.json not in flight; writing
525 verbose correctMkdir C:\Users\sony\AppData\Roaming\npm-cache correctMkdir not in flight; initializing
526 verbose afterAdd C:\Users\sony\AppData\Roaming\npm-cache\typedarray\0.0.6\package\package.json written
527 silly fetchNamedPackageData minimist
528 silly mapToRegistry name minimist
529 silly mapToRegistry using default registry
530 silly mapToRegistry registry https://registry.npmjs.org/
531 silly mapToRegistry data Result {
531 silly mapToRegistry   raw: 'minimist',
531 silly mapToRegistry   scope: null,
531 silly mapToRegistry   escapedName: 'minimist',
531 silly mapToRegistry   name: 'minimist',
531 silly mapToRegistry   rawSpec: '',
531 silly mapToRegistry   spec: 'latest',
531 silly mapToRegistry   type: 'tag' }
532 silly mapToRegistry uri https://registry.npmjs.org/minimist
533 verbose request uri https://registry.npmjs.org/minimist
534 verbose request no auth needed
535 info attempt registry request try #1 at 6:43:56 PM
536 verbose etag W/"58b6af32-73e7"
537 verbose lastModified Wed, 01 Mar 2017 11:23:30 GMT
538 http request GET https://registry.npmjs.org/minimist
539 http 304 https://registry.npmjs.org/minimist
540 verbose headers { date: 'Wed, 01 Mar 2017 23:43:45 GMT',
540 verbose headers   via: '1.1 varnish',
540 verbose headers   'cache-control': 'max-age=300',
540 verbose headers   etag: 'W/"58b6af32-73e7"',
540 verbose headers   age: '237',
540 verbose headers   connection: 'keep-alive',
540 verbose headers   'x-served-by': 'cache-bos8226-BOS',
540 verbose headers   'x-cache': 'HIT',
540 verbose headers   'x-cache-hits': '3',
540 verbose headers   'x-timer': 'S1488411825.125013,VS0,VE0',
540 verbose headers   vary: 'Accept-Encoding' }
541 silly get cb [ 304,
541 silly get   { date: 'Wed, 01 Mar 2017 23:43:45 GMT',
541 silly get     via: '1.1 varnish',
541 silly get     'cache-control': 'max-age=300',
541 silly get     etag: 'W/"58b6af32-73e7"',
541 silly get     age: '237',
541 silly get     connection: 'keep-alive',
541 silly get     'x-served-by': 'cache-bos8226-BOS',
541 silly get     'x-cache': 'HIT',
541 silly get     'x-cache-hits': '3',
541 silly get     'x-timer': 'S1488411825.125013,VS0,VE0',
541 silly get     vary: 'Accept-Encoding' } ]
542 verbose etag https://registry.npmjs.org/minimist from cache
543 verbose get saving minimist to C:\Users\sony\AppData\Roaming\npm-cache\registry.npmjs.org\minimist\.cache.json
544 verbose correctMkdir C:\Users\sony\AppData\Roaming\npm-cache correctMkdir not in flight; initializing
545 silly resolveWithNewModule minimist@0.0.8 checking installable status
546 silly cache add args [ 'minimist@0.0.8', null ]
547 verbose cache add spec minimist@0.0.8
548 silly cache add parsed spec Result {
548 silly cache add   raw: 'minimist@0.0.8',
548 silly cache add   scope: null,
548 silly cache add   escapedName: 'minimist',
548 silly cache add   name: 'minimist',
548 silly cache add   rawSpec: '0.0.8',
548 silly cache add   spec: '0.0.8',
548 silly cache add   type: 'version' }
549 silly addNamed minimist@0.0.8
550 verbose addNamed "0.0.8" is a plain semver version for minimist
551 silly mapToRegistry name minimist
552 silly mapToRegistry using default registry
553 silly mapToRegistry registry https://registry.npmjs.org/
554 silly mapToRegistry data Result {
554 silly mapToRegistry   raw: 'minimist',
554 silly mapToRegistry   scope: null,
554 silly mapToRegistry   escapedName: 'minimist',
554 silly mapToRegistry   name: 'minimist',
554 silly mapToRegistry   rawSpec: '',
554 silly mapToRegistry   spec: 'latest',
554 silly mapToRegistry   type: 'tag' }
555 silly mapToRegistry uri https://registry.npmjs.org/minimist
556 verbose addNameVersion registry:https://registry.npmjs.org/minimist not in flight; fetching
557 verbose get https://registry.npmjs.org/minimist not expired, no request
558 silly cache afterAdd minimist@0.0.8
559 verbose afterAdd C:\Users\sony\AppData\Roaming\npm-cache\minimist\0.0.8\package\package.json not in flight; writing
560 verbose correctMkdir C:\Users\sony\AppData\Roaming\npm-cache correctMkdir not in flight; initializing
561 verbose afterAdd C:\Users\sony\AppData\Roaming\npm-cache\minimist\0.0.8\package\package.json written
562 silly loadAllDepsIntoIdealTree Finishing
563 silly loadIdealTree Finishing
564 silly currentTree web-dev@1.0.0
564 silly currentTree +-- accepts@1.3.3
564 silly currentTree +-- array-flatten@1.1.1
564 silly currentTree +-- async@2.1.4
564 silly currentTree +-- bluebird@2.10.2
564 silly currentTree +-- body-parser@1.16.0
564 silly currentTree +-- bson@1.0.4
564 silly currentTree +-- buffer-shims@1.0.0
564 silly currentTree +-- bytes@2.4.0
564 silly currentTree +-- content-disposition@0.5.1
564 silly currentTree +-- content-type@1.0.2
564 silly currentTree +-- cookie-signature@1.0.6
564 silly currentTree +-- cookie@0.3.1
564 silly currentTree +-- core-util-is@1.0.2
564 silly currentTree +-- debug@2.6.0
564 silly currentTree +-- depd@1.1.0
564 silly currentTree +-- destroy@1.0.4
564 silly currentTree +-- ee-first@1.1.1
564 silly currentTree +-- encodeurl@1.0.1
564 silly currentTree +-- es6-promise@3.2.1
564 silly currentTree +-- escape-html@1.0.3
564 silly currentTree +-- etag@1.7.0
564 silly currentTree +-- express@4.14.0
564 silly currentTree | +-- debug@2.2.0
564 silly currentTree | +-- ms@0.7.1
564 silly currentTree | `-- qs@6.2.0
564 silly currentTree +-- finalhandler@0.5.0
564 silly currentTree | +-- debug@2.2.0
564 silly currentTree | `-- ms@0.7.1
564 silly currentTree +-- forwarded@0.1.0
564 silly currentTree +-- fresh@0.3.0
564 silly currentTree +-- hooks-fixed@1.2.0
564 silly currentTree +-- http-errors@1.5.1
564 silly currentTree +-- iconv-lite@0.4.15
564 silly currentTree +-- inherits@2.0.3
564 silly currentTree +-- ipaddr.js@1.2.0
564 silly currentTree +-- isarray@1.0.0
564 silly currentTree +-- kareem@1.2.0
564 silly currentTree +-- KHER-SUGANDHA-webdev
564 silly currentTree +-- lodash@4.17.4
564 silly currentTree +-- media-typer@0.3.0
564 silly currentTree +-- merge-descriptors@1.0.1
564 silly currentTree +-- methods@1.1.2
564 silly currentTree +-- mime-db@1.26.0
564 silly currentTree +-- mime-types@2.1.14
564 silly currentTree +-- mime@1.3.4
564 silly currentTree +-- mongodb-core@2.1.6
564 silly currentTree +-- mongodb@2.2.21
564 silly currentTree +-- mongoose@4.7.7
564 silly currentTree +-- mpath@0.2.1
564 silly currentTree +-- mpromise@0.5.5
564 silly currentTree +-- mquery@2.0.0
564 silly currentTree | +-- debug@2.2.0
564 silly currentTree | +-- ms@0.7.1
564 silly currentTree | `-- sliced@0.0.5
564 silly currentTree +-- ms@0.7.2
564 silly currentTree +-- muri@1.1.1
564 silly currentTree +-- negotiator@0.6.1
564 silly currentTree +-- on-finished@2.3.0
564 silly currentTree +-- parseurl@1.3.1
564 silly currentTree +-- path-to-regexp@0.1.7
564 silly currentTree +-- process-nextick-args@1.0.7
564 silly currentTree +-- proxy-addr@1.1.3
564 silly currentTree +-- qs@6.2.1
564 silly currentTree +-- range-parser@1.2.0
564 silly currentTree +-- raw-body@2.2.0
564 silly currentTree +-- readable-stream@2.1.5
564 silly currentTree +-- regexp-clone@0.0.1
564 silly currentTree +-- require_optional@1.0.0
564 silly currentTree +-- resolve-from@2.0.0
564 silly currentTree +-- semver@5.3.0
564 silly currentTree +-- send@0.14.1
564 silly currentTree | +-- debug@2.2.0
564 silly currentTree | `-- ms@0.7.1
564 silly currentTree +-- serve-static@1.11.1
564 silly currentTree +-- setprototypeof@1.0.2
564 silly currentTree +-- sliced@1.0.1
564 silly currentTree +-- statuses@1.3.1
564 silly currentTree +-- string_decoder@0.10.31
564 silly currentTree +-- type-is@1.6.14
564 silly currentTree +-- unpipe@1.0.0
564 silly currentTree +-- util-deprecate@1.0.2
564 silly currentTree +-- utils-merge@1.0.0
564 silly currentTree `-- vary@1.1.0
565 silly idealTree web-dev@1.0.0
565 silly idealTree +-- accepts@1.3.3
565 silly idealTree +-- append-field@0.1.0
565 silly idealTree +-- array-flatten@1.1.1
565 silly idealTree +-- async@2.1.4
565 silly idealTree +-- bluebird@2.10.2
565 silly idealTree +-- body-parser@1.16.0
565 silly idealTree +-- bson@1.0.4
565 silly idealTree +-- buffer-shims@1.0.0
565 silly idealTree +-- busboy@0.2.14
565 silly idealTree | +-- isarray@0.0.1
565 silly idealTree | `-- readable-stream@1.1.14
565 silly idealTree +-- bytes@2.4.0
565 silly idealTree +-- concat-stream@1.6.0
565 silly idealTree | `-- readable-stream@2.2.3
565 silly idealTree +-- content-disposition@0.5.1
565 silly idealTree +-- content-type@1.0.2
565 silly idealTree +-- cookie-signature@1.0.6
565 silly idealTree +-- cookie@0.3.1
565 silly idealTree +-- core-util-is@1.0.2
565 silly idealTree +-- debug@2.6.0
565 silly idealTree +-- depd@1.1.0
565 silly idealTree +-- destroy@1.0.4
565 silly idealTree +-- dicer@0.2.5
565 silly idealTree | +-- isarray@0.0.1
565 silly idealTree | `-- readable-stream@1.1.14
565 silly idealTree +-- ee-first@1.1.1
565 silly idealTree +-- encodeurl@1.0.1
565 silly idealTree +-- es6-promise@3.2.1
565 silly idealTree +-- escape-html@1.0.3
565 silly idealTree +-- etag@1.7.0
565 silly idealTree +-- express@4.14.0
565 silly idealTree | +-- debug@2.2.0
565 silly idealTree | +-- ms@0.7.1
565 silly idealTree | `-- qs@6.2.0
565 silly idealTree +-- finalhandler@0.5.0
565 silly idealTree | +-- debug@2.2.0
565 silly idealTree | `-- ms@0.7.1
565 silly idealTree +-- forwarded@0.1.0
565 silly idealTree +-- fresh@0.3.0
565 silly idealTree +-- hooks-fixed@1.2.0
565 silly idealTree +-- http-errors@1.5.1
565 silly idealTree +-- iconv-lite@0.4.15
565 silly idealTree +-- inherits@2.0.3
565 silly idealTree +-- ipaddr.js@1.2.0
565 silly idealTree +-- isarray@1.0.0
565 silly idealTree +-- kareem@1.2.0
565 silly idealTree +-- KHER-SUGANDHA-webdev
565 silly idealTree +-- lodash@4.17.4
565 silly idealTree +-- media-typer@0.3.0
565 silly idealTree +-- merge-descriptors@1.0.1
565 silly idealTree +-- methods@1.1.2
565 silly idealTree +-- mime-db@1.26.0
565 silly idealTree +-- mime-types@2.1.14
565 silly idealTree +-- mime@1.3.4
565 silly idealTree +-- minimist@0.0.8
565 silly idealTree +-- mkdirp@0.5.1
565 silly idealTree +-- mongodb-core@2.1.6
565 silly idealTree +-- mongodb@2.2.21
565 silly idealTree +-- mongoose@4.7.7
565 silly idealTree +-- mpath@0.2.1
565 silly idealTree +-- mpromise@0.5.5
565 silly idealTree +-- mquery@2.0.0
565 silly idealTree | +-- debug@2.2.0
565 silly idealTree | +-- ms@0.7.1
565 silly idealTree | `-- sliced@0.0.5
565 silly idealTree +-- ms@0.7.2
565 silly idealTree +-- multer@1.3.0
565 silly idealTree +-- muri@1.1.1
565 silly idealTree +-- negotiator@0.6.1
565 silly idealTree +-- object-assign@3.0.0
565 silly idealTree +-- on-finished@2.3.0
565 silly idealTree +-- parseurl@1.3.1
565 silly idealTree +-- path-to-regexp@0.1.7
565 silly idealTree +-- process-nextick-args@1.0.7
565 silly idealTree +-- proxy-addr@1.1.3
565 silly idealTree +-- qs@6.2.1
565 silly idealTree +-- range-parser@1.2.0
565 silly idealTree +-- raw-body@2.2.0
565 silly idealTree +-- readable-stream@2.1.5
565 silly idealTree +-- regexp-clone@0.0.1
565 silly idealTree +-- require_optional@1.0.0
565 silly idealTree +-- resolve-from@2.0.0
565 silly idealTree +-- semver@5.3.0
565 silly idealTree +-- send@0.14.1
565 silly idealTree | +-- debug@2.2.0
565 silly idealTree | `-- ms@0.7.1
565 silly idealTree +-- serve-static@1.11.1
565 silly idealTree +-- setprototypeof@1.0.2
565 silly idealTree +-- sliced@1.0.1
565 silly idealTree +-- statuses@1.3.1
565 silly idealTree +-- streamsearch@0.1.2
565 silly idealTree +-- string_decoder@0.10.31
565 silly idealTree +-- type-is@1.6.14
565 silly idealTree +-- typedarray@0.0.6
565 silly idealTree +-- unpipe@1.0.0
565 silly idealTree +-- util-deprecate@1.0.2
565 silly idealTree +-- utils-merge@1.0.0
565 silly idealTree +-- vary@1.1.0
565 silly idealTree `-- xtend@4.0.1
566 silly generateActionsToTake Starting
567 silly install generateActionsToTake
568 silly rollbackFailedOptional Starting
569 silly rollbackFailedOptional Finishing
570 silly runTopLevelLifecycles Finishing
571 silly install printInstalled
572 verbose stack Error: C:\Users\sony\WebstormProjects\kher-sugandha-webdev\node_modules\KHER-SUGANDHA-webdev: Appears to be a git repo or submodule.
572 verbose stack     at C:\Program Files\nodejs\node_modules\npm\node_modules\npm-install-checks\index.js:137:15
572 verbose stack     at C:\Program Files\nodejs\node_modules\npm\node_modules\graceful-fs\polyfills.js:267:18
572 verbose stack     at FSReqWrap.oncomplete (fs.js:123:15)
573 verbose cwd C:\Users\sony\WebstormProjects\kher-sugandha-webdev
574 error Windows_NT 6.1.7601
575 error argv "C:\\Program Files\\nodejs\\node.exe" "C:\\Program Files\\nodejs\\node_modules\\npm\\bin\\npm-cli.js" "install" "multer" "--save"
576 error node v6.9.4
577 error npm  v3.10.10
578 error path C:\Users\sony\WebstormProjects\kher-sugandha-webdev\node_modules\KHER-SUGANDHA-webdev
579 error code EISGIT
580 error git C:\Users\sony\WebstormProjects\kher-sugandha-webdev\node_modules\KHER-SUGANDHA-webdev: Appears to be a git repo or submodule.
581 error git C:\Users\sony\WebstormProjects\kher-sugandha-webdev\node_modules\KHER-SUGANDHA-webdev
582 error git Refusing to remove it. Update manually,
582 error git or move it out of the way first.
583 verbose exit [ 1, true ]
